2013/04/12 20:58:48 [error] [php] include(selft.php): failed to open stream: No such file or directory (/var/www/yii/framework/YiiBase.php:423)
Stack trace:
#0 /var/www/rbu/protected/models/Authorization.php(145): spl_autoload_call()
#1 /var/www/rbu/protected/controllers/TransactionController.php(216): isValidAccountNumber()
#2 /var/www/yii/framework/web/actions/CInlineAction.php(50): TransactionController->actionindex()
#3 /var/www/yii/framework/web/CController.php(309): CInlineAction->runWithParams()
#4 /var/www/yii/framework/web/filters/CFilterChain.php(134): TransactionController->runAction()
#5 /var/www/yii/framework/web/filters/CFilter.php(41): CFilterChain->run()
#6 /var/www/yii/framework/web/CController.php(1146): CAccessControlFilter->filter()
#7 /var/www/yii/framework/web/filters/CInlineFilter.php(59): TransactionController->filterAccessControl()
#8 /var/www/yii/framework/web/filters/CFilterChain.php(131): CInlineFilter->filter()
#9 /var/www/yii/framework/web/CController.php(292): CFilterChain->run()
#10 /var/www/yii/framework/web/CController.php(266): TransactionController->runActionWithFilters()
#11 /var/www/yii/framework/web/CWebApplication.php(283): TransactionController->run()
#12 /var/www/yii/framework/web/CWebApplication.php(142): CWebApplication->runController()
#13 /var/www/yii/framework/base/CApplication.php(162): CWebApplication->processRequest()
#14 /var/www/rbu/index.php(13): CWebApplication->run()
REQUEST_URI=/rbu/index.php?r=transaction/index
in /var/www/rbu/protected/models/Authorization.php (145)
in /var/www/rbu/protected/controllers/TransactionController.php (216)
in /var/www/rbu/index.php (13)
2013/04/12 20:59:27 [error] [php] Argument 1 passed to Authorization::getAuthorization() must be of the type array, string given, called in /var/www/rbu/protected/controllers/TransactionController.php on line 240 and defined (/var/www/rbu/protected/models/Authorization.php:133)
Stack trace:
#0 /var/www/yii/framework/web/CController.php(309): CInlineAction->runWithParams()
#1 /var/www/yii/framework/web/filters/CFilterChain.php(134): TransactionController->runAction()
#2 /var/www/yii/framework/web/filters/CFilter.php(41): CFilterChain->run()
#3 /var/www/yii/framework/web/CController.php(1146): CAccessControlFilter->filter()
#4 /var/www/yii/framework/web/filters/CInlineFilter.php(59): TransactionController->filterAccessControl()
#5 /var/www/yii/framework/web/filters/CFilterChain.php(131): CInlineFilter->filter()
#6 /var/www/yii/framework/web/CController.php(292): CFilterChain->run()
#7 /var/www/yii/framework/web/CController.php(266): TransactionController->runActionWithFilters()
#8 /var/www/yii/framework/web/CWebApplication.php(283): TransactionController->run()
#9 /var/www/yii/framework/web/CWebApplication.php(142): CWebApplication->runController()
#10 /var/www/yii/framework/base/CApplication.php(162): CWebApplication->processRequest()
#11 /var/www/rbu/index.php(13): CWebApplication->run()
REQUEST_URI=/rbu/index.php?r=transaction/index
in /var/www/rbu/protected/models/Authorization.php (133)
in /var/www/rbu/protected/controllers/TransactionController.php (240)
in /var/www/rbu/index.php (13)
2013/04/12 20:59:58 [error] [php] Illegal string offset 'user_id' (/var/www/rbu/protected/models/Authorization.php:135)
Stack trace:
#0 /var/www/yii/framework/web/CController.php(309): CInlineAction->runWithParams()
#1 /var/www/yii/framework/web/filters/CFilterChain.php(134): TransactionController->runAction()
#2 /var/www/yii/framework/web/filters/CFilter.php(41): CFilterChain->run()
#3 /var/www/yii/framework/web/CController.php(1146): CAccessControlFilter->filter()
#4 /var/www/yii/framework/web/filters/CInlineFilter.php(59): TransactionController->filterAccessControl()
#5 /var/www/yii/framework/web/filters/CFilterChain.php(131): CInlineFilter->filter()
#6 /var/www/yii/framework/web/CController.php(292): CFilterChain->run()
#7 /var/www/yii/framework/web/CController.php(266): TransactionController->runActionWithFilters()
#8 /var/www/yii/framework/web/CWebApplication.php(283): TransactionController->run()
#9 /var/www/yii/framework/web/CWebApplication.php(142): CWebApplication->runController()
#10 /var/www/yii/framework/base/CApplication.php(162): CWebApplication->processRequest()
#11 /var/www/rbu/index.php(13): CWebApplication->run()
REQUEST_URI=/rbu/index.php?r=transaction/index
in /var/www/rbu/protected/models/Authorization.php (135)
in /var/www/rbu/protected/controllers/TransactionController.php (240)
in /var/www/rbu/index.php (13)
2013/04/12 21:22:12 [warning] [application] Failed to set unsafe attribute "form_image" of "MarketAd".
in /var/www/rbu/protected/controllers/MarketController.php (210)
in /var/www/rbu/index.php (13)
